Release 14.7 - xst P.20131013 (nt64)
Copyright (c) 1995-2013 Xilinx, Inc.  All rights reserved.
--> Parameter TMPDIR set to xst/projnav.tmp


Total REAL time to Xst completion: 0.00 secs
Total CPU time to Xst completion: 0.05 secs
 
--> Parameter xsthdpdir set to xst


Total REAL time to Xst completion: 0.00 secs
Total CPU time to Xst completion: 0.05 secs
 
--> Reading design: VGA_Square.prj

TABLE OF CONTENTS
  1) Synthesis Options Summary
  2) HDL Parsing
  3) HDL Elaboration
  4) HDL Synthesis
       4.1) HDL Synthesis Report
  5) Advanced HDL Synthesis
       5.1) Advanced HDL Synthesis Report
  6) Low Level Synthesis
  7) Partition Report
  8) Design Summary
       8.1) Primitive and Black Box Usage
       8.2) Device utilization summary
       8.3) Partition Resource Summary
       8.4) Timing Report
            8.4.1) Clock Information
            8.4.2) Asynchronous Control Signals Information
            8.4.3) Timing Summary
            8.4.4) Timing Details
            8.4.5) Cross Clock Domains Report


=========================================================================
*                      Synthesis Options Summary                        *
=========================================================================
---- Source Parameters
Input File Name                    : "VGA_Square.prj"
Ignore Synthesis Constraint File   : NO

---- Target Parameters
Output File Name                   : "VGA_Square"
Output Format                      : NGC
Target Device                      : xa7a100t-2I-csg324

---- Source Options
Top Module Name                    : VGA_Square
Automatic FSM Extraction           : YES
FSM Encoding Algorithm             : Auto
Safe Implementation                : No
FSM Style                          : LUT
RAM Extraction                     : Yes
RAM Style                          : Auto
ROM Extraction                     : Yes
Shift Register Extraction          : YES
ROM Style                          : Auto
Resource Sharing                   : YES
Asynchronous To Synchronous        : NO
Shift Register Minimum Size        : 2
Use DSP Block                      : Auto
Automatic Register Balancing       : No

---- Target Options
LUT Combining                      : Auto
Reduce Control Sets                : Auto
Add IO Buffers                     : YES
Global Maximum Fanout              : 100000
Add Generic Clock Buffer(BUFG)     : 32
Register Duplication               : YES
Optimize Instantiated Primitives   : NO
Use Clock Enable                   : Auto
Use Synchronous Set                : Auto
Use Synchronous Reset              : Auto
Pack IO Registers into IOBs        : Auto
Equivalent register Removal        : YES

---- General Options
Optimization Goal                  : Speed
Optimization Effort                : 1
Power Reduction                    : NO
Keep Hierarchy                     : No
Netlist Hierarchy                  : As_Optimized
RTL Output                         : Yes
Global Optimization                : AllClockNets
Read Cores                         : YES
Write Timing Constraints           : NO
Cross Clock Analysis               : NO
Hierarchy Separator                : /
Bus Delimiter                      : <>
Case Specifier                     : Maintain
Slice Utilization Ratio            : 100
BRAM Utilization Ratio             : 100
DSP48 Utilization Ratio            : 100
Auto BRAM Packing                  : NO
Slice Utilization Ratio Delta      : 5

=========================================================================


=========================================================================
*                          HDL Parsing                                  *
=========================================================================
Parsing VHDL file "C:\Users\hussein\Desktop\project\squareeeeeee\squarre.vhd" into library work
Parsing entity <VGA_Square>.
Parsing architecture <Behavioral> of entity <vga_square>.

=========================================================================
*                            HDL Elaboration                            *
=========================================================================

Elaborating entity <VGA_Square> (architecture <Behavioral>) from library <work>.
WARNING:HDLCompiler:92 - "C:\Users\hussein\Desktop\project\squareeeeeee\squarre.vhd" Line 102: move_enable should be on the sensitivity list of the process
WARNING:HDLCompiler:92 - "C:\Users\hussein\Desktop\project\squareeeeeee\squarre.vhd" Line 122: active_video should be on the sensitivity list of the process

=========================================================================
*                           HDL Synthesis                               *
=========================================================================

Synthesizing Unit <VGA_Square>.
    Related source file is "C:\Users\hussein\Desktop\project\squareeeeeee\squarre.vhd".
    Found 10-bit register for signal <v_count>.
    Found 10-bit register for signal <square_x>.
    Found 10-bit register for signal <h_count>.
    Found 9-bit register for signal <square_y>.
    Found 21-bit register for signal <move_counter>.
    Found 1-bit register for signal <move_enable>.
    Found 10-bit adder for signal <v_count[9]_GND_5_o_add_2_OUT> created at line 65.
    Found 10-bit adder for signal <h_count[9]_GND_5_o_add_4_OUT> created at line 68.
    Found 21-bit adder for signal <move_counter[20]_GND_5_o_add_18_OUT> created at line 90.
    Found 9-bit adder for signal <square_y[8]_GND_5_o_add_22_OUT> created at line 105.
    Found 10-bit adder for signal <square_x[9]_GND_5_o_add_28_OUT> created at line 111.
    Found 11-bit adder for signal <n0106> created at line 123.
    Found 10-bit adder for signal <n0109> created at line 124.
    Found 9-bit subtractor for signal <GND_5_o_GND_5_o_sub_25_OUT<8:0>> created at line 107.
    Found 10-bit subtractor for signal <GND_5_o_GND_5_o_sub_27_OUT<9:0>> created at line 109.
    Found 10-bit comparator lessequal for signal <n0010> created at line 74
    Found 10-bit comparator greater for signal <h_count[9]_PWR_5_o_LessThan_11_o> created at line 74
    Found 10-bit comparator lessequal for signal <n0015> created at line 75
    Found 10-bit comparator greater for signal <v_count[9]_GND_5_o_LessThan_13_o> created at line 75
    Found 10-bit comparator greater for signal <h_count[9]_PWR_5_o_LessThan_14_o> created at line 78
    Found 10-bit comparator greater for signal <v_count[9]_GND_5_o_LessThan_15_o> created at line 78
    Found 9-bit comparator greater for signal <square_y[8]_PWR_5_o_LessThan_22_o> created at line 104
    Found 9-bit comparator greater for signal <GND_5_o_square_y[8]_LessThan_24_o> created at line 106
    Found 10-bit comparator greater for signal <GND_5_o_square_x[9]_LessThan_26_o> created at line 108
    Found 10-bit comparator greater for signal <square_x[9]_PWR_5_o_LessThan_28_o> created at line 110
    Found 10-bit comparator lessequal for signal <n0054> created at line 123
    Found 11-bit comparator greater for signal <GND_5_o_BUS_0006_LessThan_42_o> created at line 123
    Found 9-bit comparator lessequal for signal <n0058> created at line 124
    Found 10-bit comparator greater for signal <GND_5_o_BUS_0007_LessThan_45_o> created at line 124
    Summary:
	inferred   7 Adder/Subtractor(s).
	inferred  61 D-type flip-flop(s).
	inferred  14 Comparator(s).
	inferred   3 Multiplexer(s).
Unit <VGA_Square> synthesized.

=========================================================================
HDL Synthesis Report

Macro Statistics
# Adders/Subtractors                                   : 7
 10-bit adder                                          : 3
 10-bit addsub                                         : 1
 11-bit adder                                          : 1
 21-bit adder                                          : 1
 9-bit addsub                                          : 1
# Registers                                            : 6
 1-bit register                                        : 1
 10-bit register                                       : 3
 21-bit register                                       : 1
 9-bit register                                        : 1
# Comparators                                          : 14
 10-bit comparator greater                             : 7
 10-bit comparator lessequal                           : 3
 11-bit comparator greater                             : 1
 9-bit comparator greater                              : 2
 9-bit comparator lessequal                            : 1
# Multiplexers                                         : 3
 10-bit 2-to-1 multiplexer                             : 2
 2-bit 2-to-1 multiplexer                              : 1

=========================================================================

=========================================================================
*                       Advanced HDL Synthesis                          *
=========================================================================

WARNING:Xst - The specified part-type was not generated at build time. XST is loading the full part-type and will therefore consume more CPU and memory.
Loading device for application Rf_Device from file '7a100t.nph' in environment C:\Xilinx\14.7\ISE_DS\ISE\.
Loading device for application Rf_Device from file '7a100t.nph' in environment C:\Xilinx\14.7\ISE_DS\ISE\.

Synthesizing (advanced) Unit <VGA_Square>.
The following registers are absorbed into counter <h_count>: 1 register on signal <h_count>.
The following registers are absorbed into counter <move_counter>: 1 register on signal <move_counter>.
The following registers are absorbed into counter <v_count>: 1 register on signal <v_count>.
The following registers are absorbed into counter <square_x>: 1 register on signal <square_x>.
Unit <VGA_Square> synthesized (advanced).

=========================================================================
Advanced HDL Synthesis Report

Macro Statistics
# Adders/Subtractors                                   : 3
 10-bit adder                                          : 1
 11-bit adder                                          : 1
 9-bit addsub                                          : 1
# Counters                                             : 4
 10-bit up counter                                     : 2
 10-bit updown counter                                 : 1
 21-bit up counter                                     : 1
# Registers                                            : 10
 Flip-Flops                                            : 10
# Comparators                                          : 14
 10-bit comparator greater                             : 7
 10-bit comparator lessequal                           : 3
 11-bit comparator greater                             : 1
 9-bit comparator greater                              : 2
 9-bit comparator lessequal                            : 1
# Multiplexers                                         : 1
 2-bit 2-to-1 multiplexer                              : 1

=========================================================================

=========================================================================
*                         Low Level Synthesis                           *
=========================================================================

Optimizing unit <VGA_Square> ...

Mapping all equations...
Building and optimizing final netlist ...
Found area constraint ratio of 100 (+ 5) on block VGA_Square, actual ratio is 0.

Final Macro Processing ...

=========================================================================
Final Register Report

Macro Statistics
# Registers                                            : 61
 Flip-Flops                                            : 61

=========================================================================

=========================================================================
*                           Partition Report                            *
=========================================================================

Partition Implementation Status
-------------------------------

  No Partitions were found in this design.

-------------------------------

=========================================================================
*                            Design Summary                             *
=========================================================================

Top Level Output File Name         : VGA_Square.ngc

Primitive and Black Box Usage:
------------------------------
# BELS                             : 290
#      GND                         : 1
#      INV                         : 5
#      LUT1                        : 22
#      LUT2                        : 30
#      LUT3                        : 3
#      LUT4                        : 38
#      LUT5                        : 15
#      LUT6                        : 61
#      MUXCY                       : 63
#      VCC                         : 1
#      XORCY                       : 51
# FlipFlops/Latches                : 61
#      FD                          : 19
#      FDC                         : 10
#      FDCE                        : 25
#      FDPE                        : 4
#      FDR                         : 3
# Clock Buffers                    : 1
#      BUFGP                       : 1
# IO Buffers                       : 13
#      IBUF                        : 5
#      OBUF                        : 8

Device utilization summary:
---------------------------

Selected Device : xa7a100tcsg324-2i 


Slice Logic Utilization: 
 Number of Slice Registers:              61  out of  126800     0%  
 Number of Slice LUTs:                  174  out of  63400     0%  
    Number used as Logic:               174  out of  63400     0%  

Slice Logic Distribution: 
 Number of LUT Flip Flop pairs used:    174
   Number with an unused Flip Flop:     113  out of    174    64%  
   Number with an unused LUT:             0  out of    174     0%  
   Number of fully used LUT-FF pairs:    61  out of    174    35%  
   Number of unique control sets:         7

IO Utilization: 
 Number of IOs:                          14
 Number of bonded IOBs:                  14  out of    210     6%  

Specific Feature Utilization:
 Number of BUFG/BUFGCTRLs:                1  out of     32     3%  

---------------------------
Partition Resource Summary:
---------------------------

  No Partitions were found in this design.

---------------------------


=========================================================================
Timing Report

NOTE: THESE TIMING NUMBERS ARE ONLY A SYNTHESIS ESTIMATE.
      FOR ACCURATE TIMING INFORMATION PLEASE REFER TO THE TRACE REPORT
      GENERATED AFTER PLACE-and-ROUTE.

Clock Information:
------------------
-----------------------------------+------------------------+-------+
Clock Signal                       | Clock buffer(FF name)  | Load  |
-----------------------------------+------------------------+-------+
clk                                | BUFGP                  | 61    |
-----------------------------------+------------------------+-------+

Asynchronous Control Signals Information:
----------------------------------------
No asynchronous control signals found in this design

Timing Summary:
---------------
Speed Grade: -2

   Minimum period: 2.962ns (Maximum Frequency: 337.638MHz)
   Minimum input arrival time before clock: 2.058ns
   Maximum output required time after clock: 6.283ns
   Maximum combinational path delay: No path found

Timing Details:
---------------
All values displayed in nanoseconds (ns)

=========================================================================
Timing constraint: Default period analysis for Clock 'clk'
  Clock period: 2.962ns (frequency: 337.638MHz)
  Total number of paths / destination ports: 3606 / 93
-------------------------------------------------------------------------
Delay:               2.962ns (Levels of Logic = 4)
  Source:            square_y_5 (FF)
  Destination:       square_y_7 (FF)
  Source Clock:      clk rising
  Destination Clock: clk rising

  Data Path: square_y_5 to square_y_7
                                Gate     Net
    Cell:in->out      fanout   Delay   Delay  Logical Name (Net Name)
    ----------------------------------------  ------------
     FDPE:C->Q            10   0.361   0.793  square_y_5 (square_y_5)
     LUT6:I1->O           13   0.097   0.423  btn_down_square_y[8]_AND_7_o1 (btn_down_square_y[8]_AND_7_o1)
     LUT5:I4->O            3   0.097   0.628  Maddsub_square_y[8]_square_y[8]_mux_30_OUT_lut<3>1 (Maddsub_square_y[8]_square_y[8]_mux_30_OUT_lut<3>)
     LUT5:I1->O            2   0.097   0.360  Maddsub_square_y[8]_square_y[8]_mux_30_OUT_cy<5>12 (Maddsub_square_y[8]_square_y[8]_mux_30_OUT_cy<5>)
     LUT5:I4->O            1   0.097   0.000  Maddsub_square_y[8]_square_y[8]_mux_30_OUT_xor<7>11 (square_y[8]_square_y[8]_mux_30_OUT<7>)
     FDCE:D                    0.008          square_y_7
    ----------------------------------------
    Total                      2.962ns (0.757ns logic, 2.205ns route)
                                       (25.6% logic, 74.4% route)

=========================================================================
Timing constraint: Default OFFSET IN BEFORE for Clock 'clk'
  Total number of paths / destination ports: 190 / 76
-------------------------------------------------------------------------
Offset:              2.058ns (Levels of Logic = 4)
  Source:            btn_down (PAD)
  Destination:       square_y_7 (FF)
  Destination Clock: clk rising

  Data Path: btn_down to square_y_7
                                Gate     Net
    Cell:in->out      fanout   Delay   Delay  Logical Name (Net Name)
    ----------------------------------------  ------------
     IBUF:I->O            13   0.001   0.821  btn_down_IBUF (btn_down_IBUF)
     LUT6:I0->O            2   0.097   0.576  Maddsub_square_y[8]_square_y[8]_mux_30_OUT_cy<5>11_SW1 (N20)
     LUT5:I2->O            2   0.097   0.360  Maddsub_square_y[8]_square_y[8]_mux_30_OUT_cy<5>12 (Maddsub_square_y[8]_square_y[8]_mux_30_OUT_cy<5>)
     LUT5:I4->O            1   0.097   0.000  Maddsub_square_y[8]_square_y[8]_mux_30_OUT_xor<7>11 (square_y[8]_square_y[8]_mux_30_OUT<7>)
     FDCE:D                    0.008          square_y_7
    ----------------------------------------
    Total                      2.058ns (0.300ns logic, 1.758ns route)
                                       (14.6% logic, 85.4% route)

=========================================================================
Timing constraint: Default OFFSET OUT AFTER for Clock 'clk'
  Total number of paths / destination ports: 523 / 4
-------------------------------------------------------------------------
Offset:              6.283ns (Levels of Logic = 9)
  Source:            square_x_4 (FF)
  Destination:       red<1> (PAD)
  Source Clock:      clk rising

  Data Path: square_x_4 to red<1>
                                Gate     Net
    Cell:in->out      fanout   Delay   Delay  Logical Name (Net Name)
    ----------------------------------------  ------------
     FDCE:C->Q            14   0.361   0.825  square_x_4 (square_x_4)
     LUT6:I0->O            3   0.097   0.367  Madd_n0106_cy<6>11 (Madd_n0106_cy<6>)
     LUT2:I1->O            2   0.097   0.444  Madd_n0106_xor<7>11 (n0106<7>)
     LUT4:I2->O            1   0.097   0.000  Mcompar_GND_5_o_BUS_0006_LessThan_42_o_lut<3> (Mcompar_GND_5_o_BUS_0006_LessThan_42_o_lut<3>)
     MUXCY:S->O            1   0.583   0.743  Mcompar_GND_5_o_BUS_0006_LessThan_42_o_cy<3> (Mcompar_GND_5_o_BUS_0006_LessThan_42_o_cy<3>)
     LUT5:I0->O            1   0.097   0.743  Mcompar_GND_5_o_BUS_0006_LessThan_42_o_cy<4>_SW0 (N56)
     LUT6:I1->O            1   0.097   0.439  Mcompar_GND_5_o_BUS_0006_LessThan_42_o_cy<4> (Mcompar_GND_5_o_BUS_0006_LessThan_42_o_cy<4>)
     LUT6:I4->O            1   0.097   0.753  red<1>3_SW0 (N58)
     LUT6:I0->O            2   0.097   0.344  red<1>3 (red_1_OBUF)
     OBUF:I->O                 0.000          red_1_OBUF (red<1>)
    ----------------------------------------
    Total                      6.283ns (1.623ns logic, 4.660ns route)
                                       (25.8% logic, 74.2% route)

=========================================================================

Cross Clock Domains Report:
--------------------------

Clock to Setup on destination clock clk
---------------+---------+---------+---------+---------+
               | Src:Rise| Src:Fall| Src:Rise| Src:Fall|
Source Clock   |Dest:Rise|Dest:Rise|Dest:Fall|Dest:Fall|
---------------+---------+---------+---------+---------+
clk            |    2.962|         |         |         |
---------------+---------+---------+---------+---------+

=========================================================================


Total REAL time to Xst completion: 20.00 secs
Total CPU time to Xst completion: 20.41 secs
 
--> 

Total memory usage is 750912 kilobytes

Number of errors   :    0 (   0 filtered)
Number of warnings :    3 (   0 filtered)
Number of infos    :    0 (   0 filtered)

